\BOOKMARK [0][-]{chapter.1}{\376\377\000W\000s\000t\001\031\000p}{}% 1
\BOOKMARK [0][-]{chapter.2}{\376\377\000S\000e\000r\000w\000i\000s\000\040\000s\000p\000o\001\102\000e\000c\000z\000n\000o\001\133\000c\000i\000o\000w\000y\000\040\000T\000w\000i\000t\000t\000e\000r}{}% 2
\BOOKMARK [1][-]{section.2.1}{\376\377\000H\000i\000s\000t\000o\000r\000i\000a}{chapter.2}% 3
\BOOKMARK [1][-]{section.2.2}{\376\377\000T\000w\000e\000e\000t}{chapter.2}% 4
\BOOKMARK [1][-]{section.2.3}{\376\377\000A\000r\000c\000h\000i\000t\000e\000k\000t\000u\000r\000a}{chapter.2}% 5
\BOOKMARK [1][-]{section.2.4}{\376\377\000I\000n\000t\000e\000r\000f\000e\000j\000s\000\040\000p\000r\000o\000g\000r\000a\000m\000i\000s\000t\000y\000c\000z\000n\000y\000\040\000a\000p\000l\000i\000k\000a\000c\000j\000i\000\040\000T\000w\000i\000t\000t\000e\000r}{chapter.2}% 6
\BOOKMARK [2][-]{subsection.2.4.1}{\376\377\000Z\000a\000k\000r\000e\000s\000\040\000d\000z\000i\000a\001\102\000a\000n\000i\000a}{section.2.4}% 7
\BOOKMARK [2][-]{subsection.2.4.2}{\376\377\000R\000e\000j\000e\000s\000t\000r\000a\000c\000j\000a}{section.2.4}% 8
\BOOKMARK [2][-]{subsection.2.4.3}{\376\377\000S\000p\000o\000s\000\363\000b\000\040\000d\000z\000i\000a\001\102\000a\000n\000i\000a}{section.2.4}% 9
\BOOKMARK [2][-]{subsection.2.4.4}{\376\377\000O\000g\000r\000a\000n\000i\000c\000z\000e\000n\000i\000a}{section.2.4}% 10
\BOOKMARK [1][-]{section.2.5}{\376\377\000D\000o\000s\000t\001\031\000p\000n\000e\000\040\000n\000a\000r\000z\001\031\000d\000z\000i\000a\000\040\000a\000n\000a\000l\000i\000t\000y\000c\000z\000n\000e}{chapter.2}% 11
\BOOKMARK [2][-]{subsection.2.5.1}{\376\377\000T\000w\000i\000t\000t\000e\000r\000\040\000A\000n\000a\000l\000y\000t\000i\000c\000s}{section.2.5}% 12
\BOOKMARK [2][-]{subsection.2.5.2}{\376\377\000H\000o\000o\000t\000s\000u\000i\000t\000e}{section.2.5}% 13
\BOOKMARK [2][-]{subsection.2.5.3}{\376\377\000M\000e\000n\000t\000i\000o\000n\000m\000a\000p}{section.2.5}% 14
\BOOKMARK [2][-]{subsection.2.5.4}{\376\377\000P\000o\000d\000s\000u\000m\000o\000w\000a\000n\000i\000e}{section.2.5}% 15
\BOOKMARK [0][-]{chapter.3}{\376\377\000A\000n\000a\000l\000i\000z\000a\000\040\000d\000a\000n\000y\000c\000h\000\040\000B\000i\000g\000\040\000D\000a\000t\000a}{}% 16
\BOOKMARK [1][-]{section.3.1}{\376\377\000P\000o\000j\001\031\000c\000i\000e\000\040\000B\000i\000g\000\040\000D\000a\000t\000a}{chapter.3}% 17
\BOOKMARK [1][-]{section.3.2}{\376\377\000C\000h\000a\000r\000a\000k\000t\000e\000r\000y\000s\000t\000y\000k\000a}{chapter.3}% 18
\BOOKMARK [2][-]{subsection.3.2.1}{\376\377\000O\000b\000j\001\031\000t\000o\001\133\001\007}{section.3.2}% 19
\BOOKMARK [2][-]{subsection.3.2.2}{\376\377\000S\000z\000y\000b\000k\000o\001\133\001\007}{section.3.2}% 20
\BOOKMARK [2][-]{subsection.3.2.3}{\376\377\000R\000\363\001\174\000n\000o\000r\000o\000d\000n\000o\001\133\001\007\000\040\000i\000\040\000z\001\102\000o\001\174\000o\000n\000o\001\133\001\007}{section.3.2}% 21
\BOOKMARK [2][-]{subsection.3.2.4}{\376\377\000Z\000m\000i\000e\000n\000n\000o\001\133\001\007}{section.3.2}% 22
\BOOKMARK [2][-]{subsection.3.2.5}{\376\377\000W\000a\000r\000t\000o\001\133\001\007}{section.3.2}% 23
\BOOKMARK [1][-]{section.3.3}{\376\377\000P\000a\000r\000a\000d\000y\000g\000m\000a\000t\000\040\000M\000a\000p\000R\000e\000d\000u\000c\000e}{chapter.3}% 24
\BOOKMARK [1][-]{section.3.4}{\376\377\000W\000y\000m\000a\000g\000a\000n\000i\000a\000\040\000s\000t\000a\000w\000i\000a\000n\000e\000\040\000p\000r\000z\000e\000d\000\040\000s\000y\000s\000t\000e\000m\000a\000m\000i\000\040\000B\000i\000g\000\040\000D\000a\000t\000a}{chapter.3}% 25
\BOOKMARK [1][-]{section.3.5}{\376\377\000P\000r\000z\000y\000k\001\102\000a\000d\000y\000\040\000z\000a\000s\000t\000o\000s\000o\000w\000a\000n\000i\000a\000\040\000s\000y\000s\000t\000e\000m\000\363\000w\000\040\000B\000i\000g\000\040\000D\000a\000t\000a}{chapter.3}% 26
\BOOKMARK [0][-]{chapter.4}{\376\377\000A\000n\000a\000l\000i\000z\000a\000\040\000s\000e\000n\000t\000y\000m\000e\000n\000t\000u\000\040\000w\000y\000p\000o\000w\000i\000e\000d\000z\000i}{}% 27
\BOOKMARK [1][-]{section.4.1}{\376\377\000P\000r\000z\000e\000t\000w\000a\000r\000z\000a\000n\000i\000e\000\040\000j\001\031\000z\000y\000k\000a\000\040\000n\000a\000t\000u\000r\000a\000l\000n\000e\000g\000o}{chapter.4}% 28
\BOOKMARK [2][-]{subsection.4.1.1}{\376\377\000U\000s\000t\000a\000l\000a\000n\000i\000e\000\040\000z\000n\000a\000c\000z\000e\000n\000i\000a}{section.4.1}% 29
\BOOKMARK [2][-]{subsection.4.1.2}{\376\377\000P\000o\000w\000i\001\005\000z\000a\000n\000i\000a\000\040\000m\000i\001\031\000d\000z\000y\000z\000d\000a\000n\000i\000o\000w\000e}{section.4.1}% 30
\BOOKMARK [2][-]{subsection.4.1.3}{\376\377\000R\000e\000p\000r\000e\000z\000e\000n\000t\000a\000c\000j\000a\000\040\000j\001\031\000z\000y\000k\000a}{section.4.1}% 31
\BOOKMARK [1][-]{section.4.2}{\376\377\000S\000e\000n\000t\000y\000m\000e\000n\000t\000\040\000w\000y\000p\000o\000w\000i\000e\000d\000z\000i}{chapter.4}% 32
\BOOKMARK [2][-]{subsection.4.2.1}{\376\377\000W\000y\000m\000a\000g\000a\000n\000i\000a\000\040\000z\000w\000i\001\005\000z\000a\000n\000e\000\040\000z\000\040\000o\000c\000e\000n\001\005\000\040\000s\000e\000n\000t\000y\000m\000e\000n\000t\000u}{section.4.2}% 33
\BOOKMARK [2][-]{subsection.4.2.2}{\376\377\000T\000e\000c\000h\000n\000i\000k\000i\000\040\000b\000a\000d\000a\000n\000i\000a\000\040\000s\000e\000n\000t\000y\000m\000e\000n\000t\000u}{section.4.2}% 34
\BOOKMARK [2][-]{subsection.4.2.3}{\376\377\000Z\000a\000s\000t\000o\000s\000o\000w\000a\000n\000i\000e\000\040\000b\000a\000d\000a\000n\000i\000a\000\040\000w\000y\000d\001\172\000w\000i\001\031\000k\000u\000\040\000w\000y\000p\000o\000w\000i\000e\000d\000z\000i\000\040\000z\000\040\000i\000n\000t\000e\000r\000n\000e\000t\000u}{section.4.2}% 35
\BOOKMARK [0][-]{chapter.5}{\376\377\000W\000y\000m\000a\000g\000a\000n\000i\000a\000\040\000f\000u\000n\000k\000c\000j\000o\000n\000a\000l\000n\000e\000\040\000i\000\040\000n\000i\000e\000f\000u\000n\000k\000c\000j\000o\000n\000a\000l\000n\000e}{}% 36
\BOOKMARK [1][-]{section.5.1}{\376\377\000W\000y\000m\000a\000g\000a\000n\000i\000a\000\040\000f\000u\000n\000k\000c\000j\000o\000n\000a\000l\000n\000e}{chapter.5}% 37
\BOOKMARK [1][-]{section.5.2}{\376\377\000W\000y\000m\000a\000g\000a\000n\000i\000a\000\040\000n\000i\000e\000f\000u\000n\000k\000c\000j\000o\000n\000a\000l\000n\000e}{chapter.5}% 38
\BOOKMARK [1][-]{section.5.3}{\376\377\000P\000o\000d\000s\000u\000m\000o\000w\000a\000n\000i\000e}{chapter.5}% 39
\BOOKMARK [0][-]{chapter.6}{\376\377\000W\000y\000b\000\363\000r\000\040\000n\000a\000r\000z\001\031\000d\000z\000i}{}% 40
\BOOKMARK [0][-]{chapter.7}{\376\377\000A\000p\000l\000i\000k\000a\000c\000j\000a\000\040\000T\000w\000i\000t\000t\000e\000r\000\040\000A\000n\000a\000l\000y\000s\000e\000r}{}% 41
\BOOKMARK [0][-]{chapter.8}{\376\377\000B\000a\000d\000a\000n\000i\000a\000\040\000i\000\040\000w\000n\000i\000o\000s\000k\000i}{}% 42
\BOOKMARK [0][-]{chapter.9}{\376\377\000P\000o\000d\000s\000u\000m\000o\000w\000a\000n\000i\000e}{}% 43
